d:\lab_3\x64\simulation\vc142.pdb
d:\lab_3\x64\simulation\vc142.idb
d:\lab_3\x64\simulation\enclave_lab3_u.obj
d:\lab_3\x64\simulation\lab_3.obj
d:\lab_3\enclave_lab3_u.h
d:\lab_3\enclave_lab3_u.c
d:\lab_3\x64\simulation\lab_3.exe
d:\lab_3\x64\simulation\lab_3.ilk
d:\lab_3\x64\simulation\lab_3.pdb
c:\users\anna\desktop\lab_3\x64\simulation\enclave_lab3_u.obj
c:\users\anna\desktop\lab_3\x64\simulation\lab_3.obj
c:\users\anna\desktop\lab_3\x64\simulation\lab_3.ilk
c:\users\anna\desktop\lab_3\x64\simulation\enclave_lab3.exp
c:\users\anna\desktop\lab_3\x64\simulation\vc142.idb
c:\users\anna\desktop\lab_3\x64\simulation\enclave_lab3.pdb
c:\users\anna\desktop\lab_3\x64\simulation\lab_3.pdb
c:\users\anna\desktop\lab_3\x64\simulation\vc142.pdb
c:\users\anna\desktop\lab_3\x64\simulation\lab_3.exe
c:\users\anna\desktop\lab_3\x64\simulation\lab_3.tlog\cl.command.1.tlog
c:\users\anna\desktop\lab_3\x64\simulation\lab_3.tlog\cl.read.1.tlog
c:\users\anna\desktop\lab_3\x64\simulation\lab_3.tlog\cl.write.1.tlog
c:\users\anna\desktop\lab_3\x64\simulation\lab_3.tlog\custombuild.command.1.tlog
c:\users\anna\desktop\lab_3\x64\simulation\lab_3.tlog\custombuild.read.1.tlog
c:\users\anna\desktop\lab_3\x64\simulation\lab_3.tlog\custombuild.write.1.tlog
c:\users\anna\desktop\lab_3\x64\simulation\lab_3.tlog\link.command.1.tlog
c:\users\anna\desktop\lab_3\x64\simulation\lab_3.tlog\link.read.1.tlog
c:\users\anna\desktop\lab_3\x64\simulation\lab_3.tlog\link.write.1.tlog
